-------------------------------------------------LOG START-----------------------------------------------------------
TIMESTAMP: 8.3.2022 - 16:40
Running from terminal
-------------------------------------------------LOG START-----------------------------------------------------------
TIMESTAMP: 8.3.2022 - 16:41
Running from terminal
-------------------------------------------------LOG START-----------------------------------------------------------
TIMESTAMP: 8.3.2022 - 16:42
Running from terminal
-------------------------------------------------LOG END-------------------------------------------------------------

-------------------------------------------------LOG START-----------------------------------------------------------
TIMESTAMP: 8.3.2022 - 16:49
Running from terminal
sudo: unable to execute /homes/bogdano/installer/assets/install: Permission denied
Exit status of the child was: 1
-------------------------------------------------LOG END-------------------------------------------------------------

-------------------------------------------------LOG START-----------------------------------------------------------
TIMESTAMP: 8.3.2022 - 16:51
Running from terminal
sudo: unable to execute /homes/bogdano/installer/assets/install: Permission denied
Exit status of the child was: 1
-------------------------------------------------LOG END-------------------------------------------------------------

-------------------------------------------------LOG START-----------------------------------------------------------
TIMESTAMP: 8.3.2022 - 16:57
Running from terminal
sudo: unable to execute /homes/bogdano/installer/assets/install: Permission denied
Exit status of the child was: 1
-------------------------------------------------LOG START-----------------------------------------------------------
TIMESTAMP: 8.3.2022 - 16:58
Running from terminal
Lockfile exists, don't try to run the program twice
IF IT'S JUST A SINGLE INSTANCE, CLEAR THE LOCKFILE AT /homes/bogdano/installer/tmp/48166.lock
-------------------------------------------------LOG START-----------------------------------------------------------
TIMESTAMP: 8.3.2022 - 16:58
Running from terminal
sudo: unable to execute /homes/bogdano/installer/assets/install: Permission denied
Exit status of the child was: 1
-------------------------------------------------LOG END-------------------------------------------------------------

-------------------------------------------------LOG START-----------------------------------------------------------
TIMESTAMP: 8.3.2022 - 16:59
Running from terminal
sudo: unable to execute /homes/bogdano/installer/assets/install: Permission denied
Exit status of the child was: 1
-------------------------------------------------LOG END-------------------------------------------------------------

-------------------------------------------------LOG START-----------------------------------------------------------
TIMESTAMP: 8.3.2022 - 17:00
Running from terminal
sudo: unable to execute /homes/bogdano/installer/assets/install: Permission denied
Exit status of the child was: 1
-------------------------------------------------LOG END-------------------------------------------------------------

-------------------------------------------------LOG START-----------------------------------------------------------
TIMESTAMP: 8.3.2022 - 17:01
Running from terminal
sudo: unable to execute /homes/bogdano/installer/assets/install: Permission denied
Exit status of the child was: 1
-------------------------------------------------LOG END-------------------------------------------------------------

-------------------------------------------------LOG START-----------------------------------------------------------
TIMESTAMP: 8.3.2022 - 17:02
Running from terminal
sudo: unable to execute /homes/bogdano/installer/assets/install: Permission denied
Exit status of the child was: 1
SIGINT RECEIVED, CLOSING...
-------------------------------------------------LOG START-----------------------------------------------------------
TIMESTAMP: 8.3.2022 - 17:03
Running from terminal
sudo: unable to execute /homes/bogdano/installer/assets/install: Permission denied
Exit status of the child was: 1
-------------------------------------------------LOG END-------------------------------------------------------------

-------------------------------------------------LOG START-----------------------------------------------------------
TIMESTAMP: 8.3.2022 - 17:04
Running from terminal
sudo: unable to execute /homes/bogdano/installer/assets/install: Permission denied
Exit status of the child was: 1
-------------------------------------------------LOG END-------------------------------------------------------------

-------------------------------------------------LOG START-----------------------------------------------------------
TIMESTAMP: 8.3.2022 - 17:04
Running from terminal
sudo: unable to execute /homes/bogdano/installer/assets/install: Permission denied
Exit status of the child was: 1
-------------------------------------------------LOG END-------------------------------------------------------------

-------------------------------------------------LOG START-----------------------------------------------------------
TIMESTAMP: 8.3.2022 - 17:05
Running from terminal
sudo: unable to execute /homes/bogdano/installer/assets/install: Permission denied
Exit status of the child was: 1
-------------------------------------------------LOG END-------------------------------------------------------------

-------------------------------------------------LOG START-----------------------------------------------------------
TIMESTAMP: 8.3.2022 - 17:06
Running from terminal
sudo: unable to execute /homes/bogdano/installer/assets/install: Permission denied
Exit status of the child was: 1
-------------------------------------------------LOG END-------------------------------------------------------------

-------------------------------------------------LOG START-----------------------------------------------------------
TIMESTAMP: 8.3.2022 - 17:06
Running from terminal
sudo: unable to execute /homes/bogdano/installer/assets/install: Permission denied
Exit status of the child was: 1
-------------------------------------------------LOG END-------------------------------------------------------------

-------------------------------------------------LOG START-----------------------------------------------------------
TIMESTAMP: 8.3.2022 - 17:07
Running from terminal
sudo: unable to execute /homes/bogdano/installer/assets/install: Permission denied
Exit status of the child was: 1
-------------------------------------------------LOG END-------------------------------------------------------------

-------------------------------------------------LOG START-----------------------------------------------------------
TIMESTAMP: 8.3.2022 - 17:08
Running from terminal
sudo: unable to execute /homes/bogdano/installer/assets/install: Permission denied
Exit status of the child was: 1
SIGINT RECEIVED, CLOSING...
-------------------------------------------------LOG START-----------------------------------------------------------
TIMESTAMP: 8.3.2022 - 17:09
Running from terminal
sudo: unable to execute /homes/bogdano/installer/assets/install: Permission denied
Exit status of the child was: 1
sudo: unable to execute /homes/bogdano/installer/assets/install: Permission denied
Exit status of the child was: 1
sudo: unable to execute /homes/bogdano/installer/assets/install: Permission denied
Exit status of the child was: 1
-------------------------------------------------LOG END-------------------------------------------------------------

-------------------------------------------------LOG START-----------------------------------------------------------
TIMESTAMP: 9.3.2022 - 10:49
Running from terminal
sudo: unable to execute /homes/bogdano/installer/assets/install: Permission denied
Exit status of the child was: 1
-------------------------------------------------LOG END-------------------------------------------------------------

